{"/Users/neeraj.patel/Documents/Personal-local/notion-property-assessment-tool/notion-adapter/src/app.ts": {"path":"/Users/neeraj.patel/Documents/Personal-local/notion-property-assessment-tool/notion-adapter/src/app.ts","all":false,"statementMap":{"0":{"start":{"line":1,"column":0},"end":{"line":1,"column":44}},"1":{"start":{"line":2,"column":0},"end":{"line":2,"column":36}},"2":{"start":{"line":3,"column":0},"end":{"line":3,"column":0}},"3":{"start":{"line":4,"column":0},"end":{"line":4,"column":3}},"4":{"start":{"line":5,"column":0},"end":{"line":5,"column":86}},"5":{"start":{"line":6,"column":0},"end":{"line":6,"column":3}},"6":{"start":{"line":7,"column":0},"end":{"line":7,"column":71}},"7":{"start":{"line":8,"column":0},"end":{"line":8,"column":28}},"8":{"start":{"line":9,"column":0},"end":{"line":9,"column":2}}},"s":{"0":1,"1":1,"2":1,"3":1,"4":1,"5":1,"6":1,"7":1,"8":1},"branchMap":{"0":{"type":"branch","line":1,"loc":{"start":{"line":1,"column":0},"end":{"line":9,"column":2}},"locations":[{"start":{"line":1,"column":0},"end":{"line":9,"column":2}}]},"1":{"type":"branch","line":1,"loc":{"start":{"line":1,"column":0},"end":{"line":9,"column":2}},"locations":[{"start":{"line":1,"column":0},"end":{"line":9,"column":2}}]},"2":{"type":"branch","line":2,"loc":{"start":{"line":2,"column":25},"end":{"line":5,"column":64}},"locations":[{"start":{"line":2,"column":25},"end":{"line":5,"column":64}}]},"3":{"type":"branch","line":5,"loc":{"start":{"line":5,"column":41},"end":{"line":5,"column":61}},"locations":[{"start":{"line":5,"column":41},"end":{"line":5,"column":61}}]}},"b":{"0":[1],"1":[1],"2":[1],"3":[0]},"fnMap":{"0":{"name":"Object.<anonymous>","decl":{"start":{"line":1,"column":0},"end":{"line":9,"column":2}},"loc":{"start":{"line":1,"column":0},"end":{"line":9,"column":2}},"line":1},"1":{"name":"Object.<anonymous>.__importDefault","decl":{"start":{"line":2,"column":25},"end":{"line":5,"column":64}},"loc":{"start":{"line":2,"column":25},"end":{"line":5,"column":64}},"line":2}},"f":{"0":1,"1":1}}
,"/Users/neeraj.patel/Documents/Personal-local/notion-property-assessment-tool/notion-adapter/src/utils/logger.ts": {"path":"/Users/neeraj.patel/Documents/Personal-local/notion-property-assessment-tool/notion-adapter/src/utils/logger.ts","all":false,"statementMap":{"0":{"start":{"line":1,"column":0},"end":{"line":1,"column":24}},"1":{"start":{"line":2,"column":0},"end":{"line":2,"column":0}},"2":{"start":{"line":3,"column":0},"end":{"line":3,"column":21}},"3":{"start":{"line":4,"column":0},"end":{"line":4,"column":16}},"4":{"start":{"line":5,"column":0},"end":{"line":5,"column":30}},"5":{"start":{"line":6,"column":0},"end":{"line":6,"column":6}},"6":{"start":{"line":7,"column":0},"end":{"line":7,"column":43}},"7":{"start":{"line":8,"column":0},"end":{"line":8,"column":3}},"8":{"start":{"line":9,"column":0},"end":{"line":9,"column":0}},"9":{"start":{"line":10,"column":0},"end":{"line":10,"column":29}},"10":{"start":{"line":11,"column":0},"end":{"line":11,"column":22}}},"s":{"0":1,"1":1,"2":1,"3":1,"4":1,"5":1,"6":1,"7":1,"8":1,"9":1,"10":1},"branchMap":{"0":{"type":"branch","line":1,"loc":{"start":{"line":1,"column":0},"end":{"line":11,"column":22}},"locations":[{"start":{"line":1,"column":0},"end":{"line":11,"column":22}}]},"1":{"type":"branch","line":1,"loc":{"start":{"line":1,"column":0},"end":{"line":11,"column":22}},"locations":[{"start":{"line":1,"column":0},"end":{"line":11,"column":22}}]},"2":{"type":"branch","line":5,"loc":{"start":{"line":5,"column":5},"end":{"line":9,"column":0}},"locations":[{"start":{"line":5,"column":5},"end":{"line":9,"column":0}}]},"3":{"type":"branch","line":7,"loc":{"start":{"line":7,"column":19},"end":{"line":7,"column":24}},"locations":[{"start":{"line":7,"column":19},"end":{"line":7,"column":24}}]}},"b":{"0":[1],"1":[1],"2":[1],"3":[0]},"fnMap":{"0":{"name":"Object.<anonymous>","decl":{"start":{"line":1,"column":0},"end":{"line":11,"column":22}},"loc":{"start":{"line":1,"column":0},"end":{"line":11,"column":22}},"line":1},"1":{"name":"Object.<anonymous>.__importDefault","decl":{"start":{"line":5,"column":5},"end":{"line":9,"column":0}},"loc":{"start":{"line":5,"column":5},"end":{"line":9,"column":0}},"line":5}},"f":{"0":1,"1":1}}
}
