TN:
SF:src/app.ts
FN:1,Object.<anonymous>
FN:2,Object.<anonymous>.__importDefault
FNF:2
FNH:2
FNDA:1,Object.<anonymous>
FNDA:1,Object.<anonymous>.__importDefault
DA:1,1
DA:2,1
DA:3,1
DA:4,1
DA:5,1
DA:6,1
DA:7,1
DA:8,1
DA:9,1
LF:9
LH:9
BRDA:1,0,0,1
BRDA:1,1,0,1
BRDA:2,2,0,1
BRDA:5,3,0,0
BRF:4
BRH:3
end_of_record
TN:
SF:src/utils/logger.ts
FN:1,Object.<anonymous>
FN:5,Object.<anonymous>.__importDefault
FNF:2
FNH:2
FNDA:1,Object.<anonymous>
FNDA:1,Object.<anonymous>.__importDefault
DA:1,1
DA:2,1
DA:3,1
DA:4,1
DA:5,1
DA:6,1
DA:7,1
DA:8,1
DA:9,1
DA:10,1
DA:11,1
LF:11
LH:11
BRDA:1,0,0,1
BRDA:1,1,0,1
BRDA:5,2,0,1
BRDA:7,3,0,0
BRF:4
BRH:3
end_of_record
